# JRE version: OpenJDK Runtime Environment (17.0.11) (build 17.0.11+0--11852314)
# Java VM: OpenJDK 64-Bit Server VM (17.0.11+0--11852314, mixed mode, tiered, compressed oops, compressed class ptrs, g1 gc, windows-amd64)
GC Precious Log:
 CPUs: 8 total, 8 available
 Memory: 7971M
 Large Page Support: Disabled
 NUMA Support: Disabled
 Compressed Oops: Enabled (32-bit)
 Heap Region Size: 1M
 Heap Min Capacity: 8M
 Heap Initial Capacity: 126M
 Heap Max Capacity: 2G
 Pre-touch: Disabled
 Parallel Workers: 8
 Concurrent Workers: 2
 Concurrent Refinement Workers: 8
 Periodic GC: Disabled
Heap:
 garbage-first heap   total 267264K, used 113943K [0x0000000080000000, 0x0000000100000000)
  region size 1024K, 22 young (22528K), 12 survivors (12288K)
 Metaspace       used 83476K, committed 84224K, reserved 1179648K
  class space    used 11176K, committed 11520K, reserved 1048576K
GC Heap History (20 events):
Event: 5.723 GC heap before
{Heap before GC invocations=23 (full 0):
 garbage-first heap   total 141312K, used 99067K [0x0000000080000000, 0x0000000100000000)
  region size 1024K, 33 young (33792K), 3 survivors (3072K)
 Metaspace       used 57315K, committed 57920K, reserved 1114112K
  class space    used 7779K, committed 8064K, reserved 1048576K
}
Event: 5.727 GC heap after
{Heap after GC invocations=24 (full 0):
 garbage-first heap   total 141312K, used 70651K [0x0000000080000000, 0x0000000100000000)
  region size 1024K, 4 young (4096K), 4 survivors (4096K)
 Metaspace       used 57315K, committed 57920K, reserved 1114112K
  class space    used 7779K, committed 8064K, reserved 1048576K
}
Event: 5.751 GC heap before
{Heap before GC invocations=24 (full 0):
 garbage-first heap   total 141312K, used 72699K [0x0000000080000000, 0x0000000100000000)
  region size 1024K, 6 young (6144K), 4 survivors (4096K)
 Metaspace       used 57512K, committed 58112K, reserved 1114112K
  class space    used 7809K, committed 8064K, reserved 1048576K
}
Event: 5.754 GC heap after
{Heap after GC invocations=25 (full 0):
 garbage-first heap   total 141312K, used 71103K [0x0000000080000000, 0x0000000100000000)
  region size 1024K, 1 young (1024K), 1 survivors (1024K)
 Metaspace       used 57512K, committed 58112K, reserved 1114112K
  class space    used 7809K, committed 8064K, reserved 1048576K
}
Event: 6.284 GC heap before
{Heap before GC invocations=25 (full 0):
 garbage-first heap   total 141312K, used 102847K [0x0000000080000000, 0x0000000100000000)
  region size 1024K, 32 young (32768K), 1 survivors (1024K)
 Metaspace       used 61987K, committed 62592K, reserved 1114112K
  class space    used 8462K, committed 8704K, reserved 1048576K
}
Event: 6.287 GC heap after
{Heap after GC invocations=26 (full 0):
 garbage-first heap   total 141312K, used 72815K [0x0000000080000000, 0x0000000100000000)
  region size 1024K, 3 young (3072K), 3 survivors (3072K)
 Metaspace       used 61987K, committed 62592K, reserved 1114112K
  class space    used 8462K, committed 8704K, reserved 1048576K
}
Event: 7.085 GC heap before
{Heap before GC invocations=27 (full 0):
 garbage-first heap   total 141312K, used 104559K [0x0000000080000000, 0x0000000100000000)
  region size 1024K, 35 young (35840K), 3 survivors (3072K)
 Metaspace       used 67111K, committed 67712K, reserved 1114112K
  class space    used 9116K, committed 9344K, reserved 1048576K
}
Event: 7.090 GC heap after
{Heap after GC invocations=28 (full 0):
 garbage-first heap   total 141312K, used 76824K [0x0000000080000000, 0x0000000100000000)
  region size 1024K, 5 young (5120K), 5 survivors (5120K)
 Metaspace       used 67111K, committed 67712K, reserved 1114112K
  class space    used 9116K, committed 9344K, reserved 1048576K
}
Event: 7.107 GC heap before
{Heap before GC invocations=28 (full 0):
 garbage-first heap   total 141312K, used 77848K [0x0000000080000000, 0x0000000100000000)
  region size 1024K, 6 young (6144K), 5 survivors (5120K)
 Metaspace       used 67152K, committed 67712K, reserved 1114112K
  class space    used 9119K, committed 9344K, reserved 1048576K
}
Event: 7.110 GC heap after
{Heap after GC invocations=29 (full 0):
 garbage-first heap   total 141312K, used 77318K [0x0000000080000000, 0x0000000100000000)
  region size 1024K, 1 young (1024K), 1 survivors (1024K)
 Metaspace       used 67152K, committed 67712K, reserved 1114112K
  class space    used 9119K, committed 9344K, reserved 1048576K
}
Event: 7.304 GC heap before
{Heap before GC invocations=29 (full 0):
 garbage-first heap   total 141312K, used 108038K [0x0000000080000000, 0x0000000100000000)
  region size 1024K, 32 young (32768K), 1 survivors (1024K)
 Metaspace       used 67440K, committed 68032K, reserved 1114112K
  class space    used 9123K, committed 9344K, reserved 1048576K
}
Event: 7.307 GC heap after
{Heap after GC invocations=30 (full 0):
 garbage-first heap   total 141312K, used 80037K [0x0000000080000000, 0x0000000100000000)
  region size 1024K, 4 young (4096K), 4 survivors (4096K)
 Metaspace       used 67440K, committed 68032K, reserved 1114112K
  class space    used 9123K, committed 9344K, reserved 1048576K
}
Event: 7.650 GC heap before
{Heap before GC invocations=31 (full 0):
 garbage-first heap   total 142336K, used 116901K [0x0000000080000000, 0x0000000100000000)
  region size 1024K, 34 young (34816K), 4 survivors (4096K)
 Metaspace       used 68821K, committed 69504K, reserved 1114112K
  class space    used 9309K, committed 9600K, reserved 1048576K
}
Event: 7.654 GC heap after
{Heap after GC invocations=32 (full 0):
 garbage-first heap   total 142336K, used 92476K [0x0000000080000000, 0x0000000100000000)
  region size 1024K, 5 young (5120K), 5 survivors (5120K)
 Metaspace       used 68821K, committed 69504K, reserved 1114112K
  class space    used 9309K, committed 9600K, reserved 1048576K
}
Event: 7.663 GC heap before
{Heap before GC invocations=32 (full 0):
 garbage-first heap   total 142336K, used 93500K [0x0000000080000000, 0x0000000100000000)
  region size 1024K, 6 young (6144K), 5 survivors (5120K)
 Metaspace       used 68879K, committed 69568K, reserved 1114112K
  class space    used 9319K, committed 9600K, reserved 1048576K
}
Event: 7.667 GC heap after
{Heap after GC invocations=33 (full 0):
 garbage-first heap   total 267264K, used 92238K [0x0000000080000000, 0x0000000100000000)
  region size 1024K, 1 young (1024K), 1 survivors (1024K)
 Metaspace       used 68879K, committed 69568K, reserved 1114112K
  class space    used 9319K, committed 9600K, reserved 1048576K
}
Event: 8.740 GC heap before
{Heap before GC invocations=33 (full 0):
 garbage-first heap   total 267264K, used 184398K [0x0000000080000000, 0x0000000100000000)
  region size 1024K, 92 young (94208K), 1 survivors (1024K)
 Metaspace       used 77866K, committed 78528K, reserved 1179648K
  class space    used 10432K, committed 10688K, reserved 1048576K
}
Event: 8.744 GC heap after
{Heap after GC invocations=34 (full 0):
 garbage-first heap   total 267264K, used 95403K [0x0000000080000000, 0x0000000100000000)
  region size 1024K, 4 young (4096K), 4 survivors (4096K)
 Metaspace       used 77866K, committed 78528K, reserved 1179648K
  class space    used 10432K, committed 10688K, reserved 1048576K
}
Event: 9.565 GC heap before
{Heap before GC invocations=34 (full 0):
 garbage-first heap   total 267264K, used 214187K [0x0000000080000000, 0x0000000100000000)
  region size 1024K, 115 young (117760K), 4 survivors (4096K)
 Metaspace       used 82762K, committed 83520K, reserved 1179648K
  class space    used 11088K, committed 11392K, reserved 1048576K
}
Event: 9.573 GC heap after
{Heap after GC invocations=35 (full 0):
 garbage-first heap   total 267264K, used 104727K [0x0000000080000000, 0x0000000100000000)
  region size 1024K, 12 young (12288K), 12 survivors (12288K)
 Metaspace       used 82762K, committed 83520K, reserved 1179648K
  class space    used 11088K, committed 11392K, reserved 1048576K
}

